[2020-05-01 08:13:56] local.ERROR: syntax error, unexpected '.', expecting ')' {"exception":"[object] (Symfony\\Component\\Debug\\Exception\\FatalThrowableError(code: 0): syntax error, unexpected '.', expecting ')' at /var/www/html/adminpanel/vendor/laravel/framework/src/Illuminate/Contracts/Routing/UrlGenerator.php:48)
[stacktrace]
#0 /var/www/html/adminpanel/vendor/composer/ClassLoader.php(322): Composer\\Autoload\\includeFile('/var/www/html/a...')
#1 [internal function]: Composer\\Autoload\\ClassLoader->loadClass('Illuminate\\\\Cont...')
#2 /var/www/html/adminpanel/vendor/laravel/framework/src/Illuminate/Routing/UrlGenerator.php(16): spl_autoload_call('Illuminate\\\\Cont...')
#3 /var/www/html/adminpanel/vendor/composer/ClassLoader.php(444): include('/var/www/html/a...')
#4 /var/www/html/adminpanel/vendor/composer/ClassLoader.php(322): Composer\\Autoload\\includeFile('/var/www/html/a...')
#5 [internal function]: Composer\\Autoload\\ClassLoader->loadClass('Illuminate\\\\Rout...')
#6 /var/www/html/adminpanel/vendor/laravel/framework/src/Illuminate/Routing/RoutingServiceProvider.php(60): spl_autoload_call('Illuminate\\\\Rout...')
#7 /var/www/html/adminpanel/vendor/laravel/framework/src/Illuminate/Container/Container.php(800): Illuminate\\Routing\\RoutingServiceProvider->Illuminate\\Routing\\{closure}(Object(Illuminate\\Foundation\\Application), Array)
#8 /var/www/html/adminpanel/vendor/laravel/framework/src/Illuminate/Container/Container.php(682): Illuminate\\Container\\Container->build(Object(Closure))
#9 /var/www/html/adminpanel/vendor/laravel/framework/src/Illuminate/Container/Container.php(630): Illuminate\\Container\\Container->resolve('url', Array)
#10 /var/www/html/adminpanel/vendor/laravel/framework/src/Illuminate/Foundation/Application.php(768): Illuminate\\Container\\Container->make('url', Array)
#11 /var/www/html/adminpanel/vendor/laravel/framework/src/Illuminate/Container/Container.php(1246): Illuminate\\Foundation\\Application->make('url')
#12 /var/www/html/adminpanel/vendor/laravel/framework/src/Illuminate/Foundation/Support/Providers/RouteServiceProvider.php(53): Illuminate\\Container\\Container->offsetGet('Illuminate\\\\Cont...')
#13 /var/www/html/adminpanel/vendor/laravel/framework/src/Illuminate/Foundation/Support/Providers/RouteServiceProvider.php(31): Illuminate\\Foundation\\Support\\Providers\\RouteServiceProvider->setRootControllerNamespace()
#14 /var/www/html/adminpanel/app/Providers/RouteServiceProvider.php(28): Illuminate\\Foundation\\Support\\Providers\\RouteServiceProvider->boot()
#15 [internal function]: App\\Providers\\RouteServiceProvider->boot()
#16 /var/www/html/adminpanel/vendor/laravel/framework/src/Illuminate/Container/BoundMethod.php(32): call_user_func_array(Array, Array)
#17 /var/www/html/adminpanel/vendor/laravel/framework/src/Illuminate/Container/BoundMethod.php(90): Illuminate\\Container\\BoundMethod::Illuminate\\Container\\{closure}()
#18 /var/www/html/adminpanel/vendor/laravel/framework/src/Illuminate/Container/BoundMethod.php(34): Illuminate\\Container\\BoundMethod::callBoundMethod(Object(Illuminate\\Foundation\\Application), Array, Object(Closure))
#19 /var/www/html/adminpanel/vendor/laravel/framework/src/Illuminate/Container/Container.php(591): Illuminate\\Container\\BoundMethod::call(Object(Illuminate\\Foundation\\Application), Array, Array, NULL)
#20 /var/www/html/adminpanel/vendor/laravel/framework/src/Illuminate/Foundation/Application.php(828): Illuminate\\Container\\Container->call(Array)
#21 /var/www/html/adminpanel/vendor/laravel/framework/src/Illuminate/Foundation/Application.php(811): Illuminate\\Foundation\\Application->bootProvider(Object(App\\Providers\\RouteServiceProvider))
#22 [internal function]: Illuminate\\Foundation\\Application->Illuminate\\Foundation\\{closure}(Object(App\\Providers\\RouteServiceProvider), 25)
#23 /var/www/html/adminpanel/vendor/laravel/framework/src/Illuminate/Foundation/Application.php(812): array_walk(Array, Object(Closure))
#24 /var/www/html/adminpanel/vendor/laravel/framework/src/Illuminate/Foundation/Bootstrap/BootProviders.php(17): Illuminate\\Foundation\\Application->boot()
#25 /var/www/html/adminpanel/vendor/laravel/framework/src/Illuminate/Foundation/Application.php(211): Illuminate\\Foundation\\Bootstrap\\BootProviders->bootstrap(Object(Illuminate\\Foundation\\Application))
#26 /var/www/html/adminpanel/vendor/laravel/framework/src/Illuminate/Foundation/Http/Kernel.php(162): Illuminate\\Foundation\\Application->bootstrapWith(Array)
#27 /var/www/html/adminpanel/vendor/laravel/framework/src/Illuminate/Foundation/Http/Kernel.php(146): Illuminate\\Foundation\\Http\\Kernel->bootstrap()
#28 /var/www/html/adminpanel/vendor/laravel/framework/src/Illuminate/Foundation/Http/Kernel.php(116): Illuminate\\Foundation\\Http\\Kernel->sendRequestThroughRouter(Object(Illuminate\\Http\\Request))
#29 /var/www/html/adminpanel/public/index.php(55): Illuminate\\Foundation\\Http\\Kernel->handle(Object(Illuminate\\Http\\Request))
#30 /var/www/html/adminpanel/index.php(21): require_once('/var/www/html/a...')
#31 {main}
"} 
[2020-05-01 08:15:09] local.ERROR: syntax error, unexpected '$a' (T_VARIABLE), expecting function (T_FUNCTION) or const (T_CONST) {"exception":"[object] (Symfony\\Component\\Debug\\Exception\\FatalThrowableError(code: 0): syntax error, unexpected '$a' (T_VARIABLE), expecting function (T_FUNCTION) or const (T_CONST) at /var/www/html/adminpanel/vendor/laravel/framework/src/Illuminate/Contracts/Routing/UrlGenerator.php:48)
[stacktrace]
#0 /var/www/html/adminpanel/vendor/composer/ClassLoader.php(322): Composer\\Autoload\\includeFile('/var/www/html/a...')
#1 [internal function]: Composer\\Autoload\\ClassLoader->loadClass('Illuminate\\\\Cont...')
#2 /var/www/html/adminpanel/vendor/laravel/framework/src/Illuminate/Routing/UrlGenerator.php(16): spl_autoload_call('Illuminate\\\\Cont...')
#3 /var/www/html/adminpanel/vendor/composer/ClassLoader.php(444): include('/var/www/html/a...')
#4 /var/www/html/adminpanel/vendor/composer/ClassLoader.php(322): Composer\\Autoload\\includeFile('/var/www/html/a...')
#5 [internal function]: Composer\\Autoload\\ClassLoader->loadClass('Illuminate\\\\Rout...')
#6 /var/www/html/adminpanel/vendor/laravel/framework/src/Illuminate/Routing/RoutingServiceProvider.php(60): spl_autoload_call('Illuminate\\\\Rout...')
#7 /var/www/html/adminpanel/vendor/laravel/framework/src/Illuminate/Container/Container.php(800): Illuminate\\Routing\\RoutingServiceProvider->Illuminate\\Routing\\{closure}(Object(Illuminate\\Foundation\\Application), Array)
#8 /var/www/html/adminpanel/vendor/laravel/framework/src/Illuminate/Container/Container.php(682): Illuminate\\Container\\Container->build(Object(Closure))
#9 /var/www/html/adminpanel/vendor/laravel/framework/src/Illuminate/Container/Container.php(630): Illuminate\\Container\\Container->resolve('url', Array)
#10 /var/www/html/adminpanel/vendor/laravel/framework/src/Illuminate/Foundation/Application.php(768): Illuminate\\Container\\Container->make('url', Array)
#11 /var/www/html/adminpanel/vendor/laravel/framework/src/Illuminate/Container/Container.php(1246): Illuminate\\Foundation\\Application->make('url')
#12 /var/www/html/adminpanel/vendor/laravel/framework/src/Illuminate/Foundation/Support/Providers/RouteServiceProvider.php(53): Illuminate\\Container\\Container->offsetGet('Illuminate\\\\Cont...')
#13 /var/www/html/adminpanel/vendor/laravel/framework/src/Illuminate/Foundation/Support/Providers/RouteServiceProvider.php(31): Illuminate\\Foundation\\Support\\Providers\\RouteServiceProvider->setRootControllerNamespace()
#14 /var/www/html/adminpanel/app/Providers/RouteServiceProvider.php(28): Illuminate\\Foundation\\Support\\Providers\\RouteServiceProvider->boot()
#15 [internal function]: App\\Providers\\RouteServiceProvider->boot()
#16 /var/www/html/adminpanel/vendor/laravel/framework/src/Illuminate/Container/BoundMethod.php(32): call_user_func_array(Array, Array)
#17 /var/www/html/adminpanel/vendor/laravel/framework/src/Illuminate/Container/BoundMethod.php(90): Illuminate\\Container\\BoundMethod::Illuminate\\Container\\{closure}()
#18 /var/www/html/adminpanel/vendor/laravel/framework/src/Illuminate/Container/BoundMethod.php(34): Illuminate\\Container\\BoundMethod::callBoundMethod(Object(Illuminate\\Foundation\\Application), Array, Object(Closure))
#19 /var/www/html/adminpanel/vendor/laravel/framework/src/Illuminate/Container/Container.php(591): Illuminate\\Container\\BoundMethod::call(Object(Illuminate\\Foundation\\Application), Array, Array, NULL)
#20 /var/www/html/adminpanel/vendor/laravel/framework/src/Illuminate/Foundation/Application.php(828): Illuminate\\Container\\Container->call(Array)
#21 /var/www/html/adminpanel/vendor/laravel/framework/src/Illuminate/Foundation/Application.php(811): Illuminate\\Foundation\\Application->bootProvider(Object(App\\Providers\\RouteServiceProvider))
#22 [internal function]: Illuminate\\Foundation\\Application->Illuminate\\Foundation\\{closure}(Object(App\\Providers\\RouteServiceProvider), 25)
#23 /var/www/html/adminpanel/vendor/laravel/framework/src/Illuminate/Foundation/Application.php(812): array_walk(Array, Object(Closure))
#24 /var/www/html/adminpanel/vendor/laravel/framework/src/Illuminate/Foundation/Bootstrap/BootProviders.php(17): Illuminate\\Foundation\\Application->boot()
#25 /var/www/html/adminpanel/vendor/laravel/framework/src/Illuminate/Foundation/Application.php(211): Illuminate\\Foundation\\Bootstrap\\BootProviders->bootstrap(Object(Illuminate\\Foundation\\Application))
#26 /var/www/html/adminpanel/vendor/laravel/framework/src/Illuminate/Foundation/Http/Kernel.php(162): Illuminate\\Foundation\\Application->bootstrapWith(Array)
#27 /var/www/html/adminpanel/vendor/laravel/framework/src/Illuminate/Foundation/Http/Kernel.php(146): Illuminate\\Foundation\\Http\\Kernel->bootstrap()
#28 /var/www/html/adminpanel/vendor/laravel/framework/src/Illuminate/Foundation/Http/Kernel.php(116): Illuminate\\Foundation\\Http\\Kernel->sendRequestThroughRouter(Object(Illuminate\\Http\\Request))
#29 /var/www/html/adminpanel/public/index.php(55): Illuminate\\Foundation\\Http\\Kernel->handle(Object(Illuminate\\Http\\Request))
#30 /var/www/html/adminpanel/index.php(21): require_once('/var/www/html/a...')
#31 {main}
"} 
[2020-05-01 08:16:21] local.ERROR: syntax error, unexpected '.', expecting ')' {"exception":"[object] (Symfony\\Component\\Debug\\Exception\\FatalThrowableError(code: 0): syntax error, unexpected '.', expecting ')' at /var/www/html/adminpanel/vendor/laravel/framework/src/Illuminate/Contracts/Routing/UrlGenerator.php:49)
[stacktrace]
#0 /var/www/html/adminpanel/vendor/composer/ClassLoader.php(322): Composer\\Autoload\\includeFile('/var/www/html/a...')
#1 [internal function]: Composer\\Autoload\\ClassLoader->loadClass('Illuminate\\\\Cont...')
#2 /var/www/html/adminpanel/vendor/laravel/framework/src/Illuminate/Routing/UrlGenerator.php(16): spl_autoload_call('Illuminate\\\\Cont...')
#3 /var/www/html/adminpanel/vendor/composer/ClassLoader.php(444): include('/var/www/html/a...')
#4 /var/www/html/adminpanel/vendor/composer/ClassLoader.php(322): Composer\\Autoload\\includeFile('/var/www/html/a...')
#5 [internal function]: Composer\\Autoload\\ClassLoader->loadClass('Illuminate\\\\Rout...')
#6 /var/www/html/adminpanel/vendor/laravel/framework/src/Illuminate/Routing/RoutingServiceProvider.php(60): spl_autoload_call('Illuminate\\\\Rout...')
#7 /var/www/html/adminpanel/vendor/laravel/framework/src/Illuminate/Container/Container.php(800): Illuminate\\Routing\\RoutingServiceProvider->Illuminate\\Routing\\{closure}(Object(Illuminate\\Foundation\\Application), Array)
#8 /var/www/html/adminpanel/vendor/laravel/framework/src/Illuminate/Container/Container.php(682): Illuminate\\Container\\Container->build(Object(Closure))
#9 /var/www/html/adminpanel/vendor/laravel/framework/src/Illuminate/Container/Container.php(630): Illuminate\\Container\\Container->resolve('url', Array)
#10 /var/www/html/adminpanel/vendor/laravel/framework/src/Illuminate/Foundation/Application.php(768): Illuminate\\Container\\Container->make('url', Array)
#11 /var/www/html/adminpanel/vendor/laravel/framework/src/Illuminate/Container/Container.php(1246): Illuminate\\Foundation\\Application->make('url')
#12 /var/www/html/adminpanel/vendor/laravel/framework/src/Illuminate/Foundation/Support/Providers/RouteServiceProvider.php(53): Illuminate\\Container\\Container->offsetGet('Illuminate\\\\Cont...')
#13 /var/www/html/adminpanel/vendor/laravel/framework/src/Illuminate/Foundation/Support/Providers/RouteServiceProvider.php(31): Illuminate\\Foundation\\Support\\Providers\\RouteServiceProvider->setRootControllerNamespace()
#14 /var/www/html/adminpanel/app/Providers/RouteServiceProvider.php(28): Illuminate\\Foundation\\Support\\Providers\\RouteServiceProvider->boot()
#15 [internal function]: App\\Providers\\RouteServiceProvider->boot()
#16 /var/www/html/adminpanel/vendor/laravel/framework/src/Illuminate/Container/BoundMethod.php(32): call_user_func_array(Array, Array)
#17 /var/www/html/adminpanel/vendor/laravel/framework/src/Illuminate/Container/BoundMethod.php(90): Illuminate\\Container\\BoundMethod::Illuminate\\Container\\{closure}()
#18 /var/www/html/adminpanel/vendor/laravel/framework/src/Illuminate/Container/BoundMethod.php(34): Illuminate\\Container\\BoundMethod::callBoundMethod(Object(Illuminate\\Foundation\\Application), Array, Object(Closure))
#19 /var/www/html/adminpanel/vendor/laravel/framework/src/Illuminate/Container/Container.php(591): Illuminate\\Container\\BoundMethod::call(Object(Illuminate\\Foundation\\Application), Array, Array, NULL)
#20 /var/www/html/adminpanel/vendor/laravel/framework/src/Illuminate/Foundation/Application.php(828): Illuminate\\Container\\Container->call(Array)
#21 /var/www/html/adminpanel/vendor/laravel/framework/src/Illuminate/Foundation/Application.php(811): Illuminate\\Foundation\\Application->bootProvider(Object(App\\Providers\\RouteServiceProvider))
#22 [internal function]: Illuminate\\Foundation\\Application->Illuminate\\Foundation\\{closure}(Object(App\\Providers\\RouteServiceProvider), 25)
#23 /var/www/html/adminpanel/vendor/laravel/framework/src/Illuminate/Foundation/Application.php(812): array_walk(Array, Object(Closure))
#24 /var/www/html/adminpanel/vendor/laravel/framework/src/Illuminate/Foundation/Bootstrap/BootProviders.php(17): Illuminate\\Foundation\\Application->boot()
#25 /var/www/html/adminpanel/vendor/laravel/framework/src/Illuminate/Foundation/Application.php(211): Illuminate\\Foundation\\Bootstrap\\BootProviders->bootstrap(Object(Illuminate\\Foundation\\Application))
#26 /var/www/html/adminpanel/vendor/laravel/framework/src/Illuminate/Foundation/Http/Kernel.php(162): Illuminate\\Foundation\\Application->bootstrapWith(Array)
#27 /var/www/html/adminpanel/vendor/laravel/framework/src/Illuminate/Foundation/Http/Kernel.php(146): Illuminate\\Foundation\\Http\\Kernel->bootstrap()
#28 /var/www/html/adminpanel/vendor/laravel/framework/src/Illuminate/Foundation/Http/Kernel.php(116): Illuminate\\Foundation\\Http\\Kernel->sendRequestThroughRouter(Object(Illuminate\\Http\\Request))
#29 /var/www/html/adminpanel/public/index.php(55): Illuminate\\Foundation\\Http\\Kernel->handle(Object(Illuminate\\Http\\Request))
#30 /var/www/html/adminpanel/index.php(21): require_once('/var/www/html/a...')
#31 {main}
"} 
[2020-05-01 08:16:33] local.ERROR: syntax error, unexpected '+', expecting ')' {"exception":"[object] (Symfony\\Component\\Debug\\Exception\\FatalThrowableError(code: 0): syntax error, unexpected '+', expecting ')' at /var/www/html/adminpanel/vendor/laravel/framework/src/Illuminate/Contracts/Routing/UrlGenerator.php:49)
[stacktrace]
#0 /var/www/html/adminpanel/vendor/composer/ClassLoader.php(322): Composer\\Autoload\\includeFile('/var/www/html/a...')
#1 [internal function]: Composer\\Autoload\\ClassLoader->loadClass('Illuminate\\\\Cont...')
#2 /var/www/html/adminpanel/vendor/laravel/framework/src/Illuminate/Routing/UrlGenerator.php(16): spl_autoload_call('Illuminate\\\\Cont...')
#3 /var/www/html/adminpanel/vendor/composer/ClassLoader.php(444): include('/var/www/html/a...')
#4 /var/www/html/adminpanel/vendor/composer/ClassLoader.php(322): Composer\\Autoload\\includeFile('/var/www/html/a...')
#5 [internal function]: Composer\\Autoload\\ClassLoader->loadClass('Illuminate\\\\Rout...')
#6 /var/www/html/adminpanel/vendor/laravel/framework/src/Illuminate/Routing/RoutingServiceProvider.php(60): spl_autoload_call('Illuminate\\\\Rout...')
#7 /var/www/html/adminpanel/vendor/laravel/framework/src/Illuminate/Container/Container.php(800): Illuminate\\Routing\\RoutingServiceProvider->Illuminate\\Routing\\{closure}(Object(Illuminate\\Foundation\\Application), Array)
#8 /var/www/html/adminpanel/vendor/laravel/framework/src/Illuminate/Container/Container.php(682): Illuminate\\Container\\Container->build(Object(Closure))
#9 /var/www/html/adminpanel/vendor/laravel/framework/src/Illuminate/Container/Container.php(630): Illuminate\\Container\\Container->resolve('url', Array)
#10 /var/www/html/adminpanel/vendor/laravel/framework/src/Illuminate/Foundation/Application.php(768): Illuminate\\Container\\Container->make('url', Array)
#11 /var/www/html/adminpanel/vendor/laravel/framework/src/Illuminate/Container/Container.php(1246): Illuminate\\Foundation\\Application->make('url')
#12 /var/www/html/adminpanel/vendor/laravel/framework/src/Illuminate/Foundation/Support/Providers/RouteServiceProvider.php(53): Illuminate\\Container\\Container->offsetGet('Illuminate\\\\Cont...')
#13 /var/www/html/adminpanel/vendor/laravel/framework/src/Illuminate/Foundation/Support/Providers/RouteServiceProvider.php(31): Illuminate\\Foundation\\Support\\Providers\\RouteServiceProvider->setRootControllerNamespace()
#14 /var/www/html/adminpanel/app/Providers/RouteServiceProvider.php(28): Illuminate\\Foundation\\Support\\Providers\\RouteServiceProvider->boot()
#15 [internal function]: App\\Providers\\RouteServiceProvider->boot()
#16 /var/www/html/adminpanel/vendor/laravel/framework/src/Illuminate/Container/BoundMethod.php(32): call_user_func_array(Array, Array)
#17 /var/www/html/adminpanel/vendor/laravel/framework/src/Illuminate/Container/BoundMethod.php(90): Illuminate\\Container\\BoundMethod::Illuminate\\Container\\{closure}()
#18 /var/www/html/adminpanel/vendor/laravel/framework/src/Illuminate/Container/BoundMethod.php(34): Illuminate\\Container\\BoundMethod::callBoundMethod(Object(Illuminate\\Foundation\\Application), Array, Object(Closure))
#19 /var/www/html/adminpanel/vendor/laravel/framework/src/Illuminate/Container/Container.php(591): Illuminate\\Container\\BoundMethod::call(Object(Illuminate\\Foundation\\Application), Array, Array, NULL)
#20 /var/www/html/adminpanel/vendor/laravel/framework/src/Illuminate/Foundation/Application.php(828): Illuminate\\Container\\Container->call(Array)
#21 /var/www/html/adminpanel/vendor/laravel/framework/src/Illuminate/Foundation/Application.php(811): Illuminate\\Foundation\\Application->bootProvider(Object(App\\Providers\\RouteServiceProvider))
#22 [internal function]: Illuminate\\Foundation\\Application->Illuminate\\Foundation\\{closure}(Object(App\\Providers\\RouteServiceProvider), 25)
#23 /var/www/html/adminpanel/vendor/laravel/framework/src/Illuminate/Foundation/Application.php(812): array_walk(Array, Object(Closure))
#24 /var/www/html/adminpanel/vendor/laravel/framework/src/Illuminate/Foundation/Bootstrap/BootProviders.php(17): Illuminate\\Foundation\\Application->boot()
#25 /var/www/html/adminpanel/vendor/laravel/framework/src/Illuminate/Foundation/Application.php(211): Illuminate\\Foundation\\Bootstrap\\BootProviders->bootstrap(Object(Illuminate\\Foundation\\Application))
#26 /var/www/html/adminpanel/vendor/laravel/framework/src/Illuminate/Foundation/Http/Kernel.php(162): Illuminate\\Foundation\\Application->bootstrapWith(Array)
#27 /var/www/html/adminpanel/vendor/laravel/framework/src/Illuminate/Foundation/Http/Kernel.php(146): Illuminate\\Foundation\\Http\\Kernel->bootstrap()
#28 /var/www/html/adminpanel/vendor/laravel/framework/src/Illuminate/Foundation/Http/Kernel.php(116): Illuminate\\Foundation\\Http\\Kernel->sendRequestThroughRouter(Object(Illuminate\\Http\\Request))
#29 /var/www/html/adminpanel/public/index.php(55): Illuminate\\Foundation\\Http\\Kernel->handle(Object(Illuminate\\Http\\Request))
#30 /var/www/html/adminpanel/index.php(21): require_once('/var/www/html/a...')
#31 {main}
"} 
[2020-05-01 08:16:42] local.ERROR: syntax error, unexpected ''h'' (T_CONSTANT_ENCAPSED_STRING), expecting ')' {"exception":"[object] (Symfony\\Component\\Debug\\Exception\\FatalThrowableError(code: 0): syntax error, unexpected ''h'' (T_CONSTANT_ENCAPSED_STRING), expecting ')' at /var/www/html/adminpanel/vendor/laravel/framework/src/Illuminate/Contracts/Routing/UrlGenerator.php:49)
[stacktrace]
#0 /var/www/html/adminpanel/vendor/composer/ClassLoader.php(322): Composer\\Autoload\\includeFile('/var/www/html/a...')
#1 [internal function]: Composer\\Autoload\\ClassLoader->loadClass('Illuminate\\\\Cont...')
#2 /var/www/html/adminpanel/vendor/laravel/framework/src/Illuminate/Routing/UrlGenerator.php(16): spl_autoload_call('Illuminate\\\\Cont...')
#3 /var/www/html/adminpanel/vendor/composer/ClassLoader.php(444): include('/var/www/html/a...')
#4 /var/www/html/adminpanel/vendor/composer/ClassLoader.php(322): Composer\\Autoload\\includeFile('/var/www/html/a...')
#5 [internal function]: Composer\\Autoload\\ClassLoader->loadClass('Illuminate\\\\Rout...')
#6 /var/www/html/adminpanel/vendor/laravel/framework/src/Illuminate/Routing/RoutingServiceProvider.php(60): spl_autoload_call('Illuminate\\\\Rout...')
#7 /var/www/html/adminpanel/vendor/laravel/framework/src/Illuminate/Container/Container.php(800): Illuminate\\Routing\\RoutingServiceProvider->Illuminate\\Routing\\{closure}(Object(Illuminate\\Foundation\\Application), Array)
#8 /var/www/html/adminpanel/vendor/laravel/framework/src/Illuminate/Container/Container.php(682): Illuminate\\Container\\Container->build(Object(Closure))
#9 /var/www/html/adminpanel/vendor/laravel/framework/src/Illuminate/Container/Container.php(630): Illuminate\\Container\\Container->resolve('url', Array)
#10 /var/www/html/adminpanel/vendor/laravel/framework/src/Illuminate/Foundation/Application.php(768): Illuminate\\Container\\Container->make('url', Array)
#11 /var/www/html/adminpanel/vendor/laravel/framework/src/Illuminate/Container/Container.php(1246): Illuminate\\Foundation\\Application->make('url')
#12 /var/www/html/adminpanel/vendor/laravel/framework/src/Illuminate/Foundation/Support/Providers/RouteServiceProvider.php(53): Illuminate\\Container\\Container->offsetGet('Illuminate\\\\Cont...')
#13 /var/www/html/adminpanel/vendor/laravel/framework/src/Illuminate/Foundation/Support/Providers/RouteServiceProvider.php(31): Illuminate\\Foundation\\Support\\Providers\\RouteServiceProvider->setRootControllerNamespace()
#14 /var/www/html/adminpanel/app/Providers/RouteServiceProvider.php(28): Illuminate\\Foundation\\Support\\Providers\\RouteServiceProvider->boot()
#15 [internal function]: App\\Providers\\RouteServiceProvider->boot()
#16 /var/www/html/adminpanel/vendor/laravel/framework/src/Illuminate/Container/BoundMethod.php(32): call_user_func_array(Array, Array)
#17 /var/www/html/adminpanel/vendor/laravel/framework/src/Illuminate/Container/BoundMethod.php(90): Illuminate\\Container\\BoundMethod::Illuminate\\Container\\{closure}()
#18 /var/www/html/adminpanel/vendor/laravel/framework/src/Illuminate/Container/BoundMethod.php(34): Illuminate\\Container\\BoundMethod::callBoundMethod(Object(Illuminate\\Foundation\\Application), Array, Object(Closure))
#19 /var/www/html/adminpanel/vendor/laravel/framework/src/Illuminate/Container/Container.php(591): Illuminate\\Container\\BoundMethod::call(Object(Illuminate\\Foundation\\Application), Array, Array, NULL)
#20 /var/www/html/adminpanel/vendor/laravel/framework/src/Illuminate/Foundation/Application.php(828): Illuminate\\Container\\Container->call(Array)
#21 /var/www/html/adminpanel/vendor/laravel/framework/src/Illuminate/Foundation/Application.php(811): Illuminate\\Foundation\\Application->bootProvider(Object(App\\Providers\\RouteServiceProvider))
#22 [internal function]: Illuminate\\Foundation\\Application->Illuminate\\Foundation\\{closure}(Object(App\\Providers\\RouteServiceProvider), 25)
#23 /var/www/html/adminpanel/vendor/laravel/framework/src/Illuminate/Foundation/Application.php(812): array_walk(Array, Object(Closure))
#24 /var/www/html/adminpanel/vendor/laravel/framework/src/Illuminate/Foundation/Bootstrap/BootProviders.php(17): Illuminate\\Foundation\\Application->boot()
#25 /var/www/html/adminpanel/vendor/laravel/framework/src/Illuminate/Foundation/Application.php(211): Illuminate\\Foundation\\Bootstrap\\BootProviders->bootstrap(Object(Illuminate\\Foundation\\Application))
#26 /var/www/html/adminpanel/vendor/laravel/framework/src/Illuminate/Foundation/Http/Kernel.php(162): Illuminate\\Foundation\\Application->bootstrapWith(Array)
#27 /var/www/html/adminpanel/vendor/laravel/framework/src/Illuminate/Foundation/Http/Kernel.php(146): Illuminate\\Foundation\\Http\\Kernel->bootstrap()
#28 /var/www/html/adminpanel/vendor/laravel/framework/src/Illuminate/Foundation/Http/Kernel.php(116): Illuminate\\Foundation\\Http\\Kernel->sendRequestThroughRouter(Object(Illuminate\\Http\\Request))
#29 /var/www/html/adminpanel/public/index.php(55): Illuminate\\Foundation\\Http\\Kernel->handle(Object(Illuminate\\Http\\Request))
#30 /var/www/html/adminpanel/index.php(21): require_once('/var/www/html/a...')
#31 {main}
"} 
